{
  "stats": {
    "suites": 1,
    "tests": 4,
    "passes": 4,
    "pending": 0,
    "failures": 0,
    "start": "2022-11-19T18:54:23.177Z",
    "end": "2022-11-19T18:54:59.776Z",
    "duration": 36599,
    "testsRegistered": 4,
    "passPercent": 100,
    "pendingPercent": 0,
    "other": 0,
    "hasOther": false,
    "skipped": 0,
    "hasSkipped": false
  },
  "results": [
    {
      "uuid": "f2ff513f-685b-4961-a059-4f505fed0952",
      "title": "",
      "fullFile": "cypress\\e2e\\QA\\TC00_Register.cy.js",
      "file": "cypress\\e2e\\QA\\TC00_Register.cy.js",
      "beforeHooks": [],
      "afterHooks": [],
      "tests": [],
      "suites": [
        {
          "uuid": "a1993a46-c580-494e-9b71-6ec01849e109",
          "title": "Register",
          "fullFile": "",
          "file": "",
          "beforeHooks": [],
          "afterHooks": [],
          "tests": [
            {
              "title": "Register - Missing Last name",
              "fullTitle": "Register Register - Missing Last name",
              "timedOut": null,
              "duration": 8339,
              "state": "passed",
              "speed": "medium",
              "pass": true,
              "fail": false,
              "pending": false,
              "context": null,
              "code": "cy.visit('https://parabank.parasoft.com/parabank/register.htm');\ncy.clearCookies();\ncy.get('input[id=\"customer.firstName\"]').click().type('Diego');\ncy.get('input[id=\"customer.address.street\"]').type('Road');\ncy.get('input[id=\"customer.address.city\"]').type('Big City');\ncy.get('input[id=\"customer.address.state\"]').type('Argentina');\ncy.get('input[id=\"customer.address.zipCode\"]').type('1000');\ncy.get('input[id=\"customer.phoneNumber\"]').type('123456789');\ncy.get('input[id=\"customer.ssn\"]').type('1234');\ncy.get('input[id=\"customer.username\"]').type(testname);\ncy.get('input[id=\"customer.password\"]').type('password1');\ncy.get('input[id=\"repeatedPassword\"]').type('password1');\ncy.get('input[value=\"Register\"]').click();\ncy.contains('Last name is required.').should('be.visible');",
              "err": {},
              "uuid": "52c40880-3723-45b8-8162-6bce01139c07",
              "parentUUID": "a1993a46-c580-494e-9b71-6ec01849e109",
              "isHook": false,
              "skipped": false
            },
            {
              "title": "Register - Missing First Name",
              "fullTitle": "Register Register - Missing First Name",
              "timedOut": null,
              "duration": 7122,
              "state": "passed",
              "speed": "medium",
              "pass": true,
              "fail": false,
              "pending": false,
              "context": null,
              "code": "cy.visit('https://parabank.parasoft.com/parabank/register.htm');\ncy.clearCookies();\ncy.get('input[id=\"customer.lastName\"]').click().type('Apellido');\ncy.get('input[id=\"customer.address.street\"]').type('Road');\ncy.get('input[id=\"customer.address.city\"]').type('Big City');\ncy.get('input[id=\"customer.address.state\"]').type('Argentina');\ncy.get('input[id=\"customer.address.zipCode\"]').type('1000');\ncy.get('input[id=\"customer.phoneNumber\"]').type('123456789');\ncy.get('input[id=\"customer.ssn\"]').type('1234');\ncy.get('input[id=\"customer.username\"]').type('test_user');\ncy.get('input[id=\"customer.password\"]').type('password1');\ncy.get('input[id=\"repeatedPassword\"]').type('password1');\ncy.get('input[value=\"Register\"]').click();\ncy.contains('First name is required.').should('be.visible');",
              "err": {},
              "uuid": "67f1056f-9001-4bff-b568-0597a7c87c40",
              "parentUUID": "a1993a46-c580-494e-9b71-6ec01849e109",
              "isHook": false,
              "skipped": false
            },
            {
              "title": "Register - Missing Username & Password",
              "fullTitle": "Register Register - Missing Username & Password",
              "timedOut": null,
              "duration": 7358,
              "state": "passed",
              "speed": "medium",
              "pass": true,
              "fail": false,
              "pending": false,
              "context": null,
              "code": "cy.visit('https://parabank.parasoft.com/parabank/register.htm');\ncy.clearCookies();\ncy.get('input[id=\"customer.firstName\"]').click().type('Diego');\ncy.get('input[id=\"customer.lastName\"]').click().type('Apellido');\ncy.get('input[id=\"customer.address.street\"]').type('Road');\ncy.get('input[id=\"customer.address.city\"]').type('Big City');\ncy.get('input[id=\"customer.address.state\"]').type('Argentina');\ncy.get('input[id=\"customer.address.zipCode\"]').type('1000');\ncy.get('input[id=\"customer.phoneNumber\"]').type('123456789');\ncy.get('input[id=\"customer.ssn\"]').type('1234');\ncy.get('input[id=\"repeatedPassword\"]').type('password1');\ncy.get('input[value=\"Register\"]').click();\ncy.contains('Username is required.').should('be.visible');\ncy.contains('Password is required.').should('be.visible');",
              "err": {},
              "uuid": "718583d6-beb4-418b-b1c1-c54c208bde03",
              "parentUUID": "a1993a46-c580-494e-9b71-6ec01849e109",
              "isHook": false,
              "skipped": false
            },
            {
              "title": "Valid Register",
              "fullTitle": "Register Valid Register",
              "timedOut": null,
              "duration": 7874,
              "state": "passed",
              "speed": "medium",
              "pass": true,
              "fail": false,
              "pending": false,
              "context": null,
              "code": "cy.visit('https://parabank.parasoft.com/parabank/register.htm');\ncy.clearCookies();\ncy.get('input[id=\"customer.firstName\"]').click().type('Diego');\ncy.get('input[id=\"customer.lastName\"]').click().type('Apellido');\ncy.get('input[id=\"customer.address.street\"]').type('Road');\ncy.get('input[id=\"customer.address.city\"]').type('Big City');\ncy.get('input[id=\"customer.address.state\"]').type('Argentina');\ncy.get('input[id=\"customer.address.zipCode\"]').type('1000');\ncy.get('input[id=\"customer.phoneNumber\"]').type('123456789');\ncy.get('input[id=\"customer.ssn\"]').type('1234');\ncy.get('input[id=\"customer.username\"]').type(testname);\ncy.get('input[id=\"customer.password\"]').type('password1');\ncy.get('input[id=\"repeatedPassword\"]').type('password1');\ncy.get('input[value=\"Register\"]').click();\ncy.contains(`Welcome ${testname}`).should('be.visible');\ncy.contains('Your account was created successfully. You are now logged in.').should('be.visible');",
              "err": {},
              "uuid": "b08a3540-dbe4-49b8-b49d-c629eefb7026",
              "parentUUID": "a1993a46-c580-494e-9b71-6ec01849e109",
              "isHook": false,
              "skipped": false
            }
          ],
          "suites": [],
          "passes": [
            "52c40880-3723-45b8-8162-6bce01139c07",
            "67f1056f-9001-4bff-b568-0597a7c87c40",
            "718583d6-beb4-418b-b1c1-c54c208bde03",
            "b08a3540-dbe4-49b8-b49d-c629eefb7026"
          ],
          "failures": [],
          "pending": [],
          "skipped": [],
          "duration": 30693,
          "root": false,
          "rootEmpty": false,
          "_timeout": 2000
        }
      ],
      "passes": [],
      "failures": [],
      "pending": [],
      "skipped": [],
      "duration": 0,
      "root": true,
      "rootEmpty": true,
      "_timeout": 2000
    }
  ],
  "meta": {
    "mocha": {
      "version": "7.0.1"
    },
    "mochawesome": {
      "options": {
        "quiet": false,
        "reportFilename": "mochawesome",
        "saveHtml": true,
        "saveJson": true,
        "consoleReporter": "spec",
        "useInlineDiffs": false,
        "code": true
      },
      "version": "7.1.3"
    },
    "marge": {
      "options": null,
      "version": "6.2.0"
    }
  }
}